
  .   ____          _            __ _ _
 /\\ / ___'_ __ _ _(_)_ __  __ _ \ \ \ \
( ( )\___ | '_ | '_| | '_ \/ _` | \ \ \ \
 \\/  ___)| |_)| | | | | || (_| |  ) ) ) )
  '  |____| .__|_| |_|_| |_\__, | / / / /
 =========|_|==============|___/=/_/_/_/

 :: Spring Boot ::                (v3.5.6)

2025-11-05T22:57:53.973Z  INFO 13329 --- [achados-e-doados] [           main] c.m.a.AchadosEDoadosApplication          : Starting AchadosEDoadosApplication v0.0.1-SNAPSHOT using Java 17.0.16 with PID 13329 (/workspaces/Achados-e-Doados/backend/target/achados-e-doados-0.0.1-SNAPSHOT.jar started by codespace in /workspaces/Achados-e-Doados)
2025-11-05T22:57:53.980Z  INFO 13329 --- [achados-e-doados] [           main] c.m.a.AchadosEDoadosApplication          : No active profile set, falling back to 1 default profile: "default"
2025-11-05T22:57:55.658Z  INFO 13329 --- [achados-e-doados] [           main] .s.d.r.c.RepositoryConfigurationDelegate : Bootstrapping Spring Data JPA repositories in DEFAULT mode.
2025-11-05T22:57:55.738Z  INFO 13329 --- [achados-e-doados] [           main] .s.d.r.c.RepositoryConfigurationDelegate : Finished Spring Data repository scanning in 67 ms. Found 5 JPA repository interfaces.
2025-11-05T22:57:56.636Z  INFO 13329 --- [achados-e-doados] [           main] o.s.b.w.embedded.tomcat.TomcatWebServer  : Tomcat initialized with port 8080 (http)
2025-11-05T22:57:56.656Z  INFO 13329 --- [achados-e-doados] [           main] o.apache.catalina.core.StandardService   : Starting service [Tomcat]
2025-11-05T22:57:56.656Z  INFO 13329 --- [achados-e-doados] [           main] o.apache.catalina.core.StandardEngine    : Starting Servlet engine: [Apache Tomcat/10.1.46]
2025-11-05T22:57:56.692Z  INFO 13329 --- [achados-e-doados] [           main] o.a.c.c.C.[Tomcat].[localhost].[/]       : Initializing Spring embedded WebApplicationContext
2025-11-05T22:57:56.693Z  INFO 13329 --- [achados-e-doados] [           main] w.s.c.ServletWebServerApplicationContext : Root WebApplicationContext: initialization completed in 2571 ms
2025-11-05T22:57:56.907Z  INFO 13329 --- [achados-e-doados] [           main] o.hibernate.jpa.internal.util.LogHelper  : HHH000204: Processing PersistenceUnitInfo [name: default]
2025-11-05T22:57:56.960Z  INFO 13329 --- [achados-e-doados] [           main] org.hibernate.Version                    : HHH000412: Hibernate ORM core version 6.6.29.Final
2025-11-05T22:57:57.040Z  INFO 13329 --- [achados-e-doados] [           main] o.h.c.internal.RegionFactoryInitiator    : HHH000026: Second-level cache disabled
2025-11-05T22:57:57.407Z  INFO 13329 --- [achados-e-doados] [           main] o.s.o.j.p.SpringPersistenceUnitInfo      : No LoadTimeWeaver setup: ignoring JPA class transformer
2025-11-05T22:57:57.440Z  INFO 13329 --- [achados-e-doados] [           main] com.zaxxer.hikari.HikariDataSource       : HikariPool-1 - Starting...
2025-11-05T22:57:57.764Z  INFO 13329 --- [achados-e-doados] [           main] com.zaxxer.hikari.pool.HikariPool        : HikariPool-1 - Added connection conn0: url=jdbc:h2:file:./data/testdb user=SA
2025-11-05T22:57:57.767Z  INFO 13329 --- [achados-e-doados] [           main] com.zaxxer.hikari.HikariDataSource       : HikariPool-1 - Start completed.
2025-11-05T22:57:57.794Z  WARN 13329 --- [achados-e-doados] [           main] org.hibernate.orm.deprecation            : HHH90000025: H2Dialect does not need to be specified explicitly using 'hibernate.dialect' (remove the property setting and it will be selected by default)
2025-11-05T22:57:57.821Z  INFO 13329 --- [achados-e-doados] [           main] org.hibernate.orm.connections.pooling    : HHH10001005: Database info:
	Database JDBC URL [Connecting through datasource 'HikariDataSource (HikariPool-1)']
	Database driver: undefined/unknown
	Database version: 2.3.232
	Autocommit mode: undefined/unknown
	Isolation level: undefined/unknown
	Minimum pool size: undefined/unknown
	Maximum pool size: undefined/unknown
Hibernate: create global temporary table HT_usuarios(id bigint not null, primary key (id)) TRANSACTIONAL
Hibernate: create global temporary table HTE_usuarios(HTE_IDENTITY bigint generated by default as identity, id bigint, telefone varchar(20), email varchar(100), nome varchar(100), endereco varchar(255), senha varchar(255), primary key (HTE_IDENTITY)) TRANSACTIONAL
Hibernate: create global temporary table HTE_doadores(HTE_IDENTITY bigint generated by default as identity, usuario_id bigint, email varchar(100), nome varchar(100), senha varchar(255), primary key (HTE_IDENTITY)) TRANSACTIONAL
Hibernate: create global temporary table HTE_instituicoes(HTE_IDENTITY bigint generated by default as identity, usuario_id bigint, telefone varchar(20), email varchar(100), nome varchar(100), endereco varchar(255), senha varchar(255), primary key (HTE_IDENTITY)) TRANSACTIONAL
2025-11-05T22:57:59.094Z  INFO 13329 --- [achados-e-doados] [           main] o.h.e.t.j.p.i.JtaPlatformInitiator       : HHH000489: No JTA platform available (set 'hibernate.transaction.jta.platform' to enable JTA platform integration)
2025-11-05T22:57:59.225Z  INFO 13329 --- [achados-e-doados] [           main] j.LocalContainerEntityManagerFactoryBean : Initialized JPA EntityManagerFactory for persistence unit 'default'
2025-11-05T22:57:59.978Z  WARN 13329 --- [achados-e-doados] [           main] JpaBaseConfiguration$JpaWebConfiguration : spring.jpa.open-in-view is enabled by default. Therefore, database queries may be performed during view rendering. Explicitly configure spring.jpa.open-in-view to disable this warning
2025-11-05T22:58:00.097Z DEBUG 13329 --- [achados-e-doados] [           main] s.w.s.m.m.a.RequestMappingHandlerMapping : 19 mappings in 'requestMappingHandlerMapping'
2025-11-05T22:58:00.197Z DEBUG 13329 --- [achados-e-doados] [           main] o.s.w.s.handler.SimpleUrlHandlerMapping  : Patterns [/webjars/**, /**] in 'resourceHandlerMapping'
2025-11-05T22:58:00.237Z  WARN 13329 --- [achados-e-doados] [           main] .s.s.UserDetailsServiceAutoConfiguration : 

Using generated security password: 2c52550b-bf82-4fa1-b8be-4ab5e7240326

This generated password is for development use only. Your security configuration must be updated before running your application in production.

2025-11-05T22:58:00.246Z  INFO 13329 --- [achados-e-doados] [           main] r$InitializeUserDetailsManagerConfigurer : Global AuthenticationManager configured with UserDetailsService bean with name inMemoryUserDetailsManager
2025-11-05T22:58:00.443Z DEBUG 13329 --- [achados-e-doados] [           main] s.w.s.m.m.a.RequestMappingHandlerAdapter : ControllerAdvice beans: 0 @ModelAttribute, 0 @InitBinder, 1 RequestBodyAdvice, 1 ResponseBodyAdvice
2025-11-05T22:58:00.517Z DEBUG 13329 --- [achados-e-doados] [           main] .m.m.a.ExceptionHandlerExceptionResolver : ControllerAdvice beans: 1 @ExceptionHandler, 1 ResponseBodyAdvice
2025-11-05T22:58:00.561Z  INFO 13329 --- [achados-e-doados] [           main] o.s.b.a.h2.H2ConsoleAutoConfiguration    : H2 console available at '/h2-console'. Database available at 'jdbc:h2:file:./data/testdb'
2025-11-05T22:58:00.671Z  INFO 13329 --- [achados-e-doados] [           main] o.s.b.w.embedded.tomcat.TomcatWebServer  : Tomcat started on port 8080 (http) with context path '/'
2025-11-05T22:58:00.701Z  INFO 13329 --- [achados-e-doados] [           main] c.m.a.AchadosEDoadosApplication          : Started AchadosEDoadosApplication in 7.525 seconds (process running for 8.403)
2025-11-05T23:00:33.273Z  INFO 13329 --- [achados-e-doados] [nio-8080-exec-1] o.a.c.c.C.[Tomcat].[localhost].[/]       : Initializing Spring DispatcherServlet 'dispatcherServlet'
2025-11-05T23:00:33.276Z  INFO 13329 --- [achados-e-doados] [nio-8080-exec-1] o.s.web.servlet.DispatcherServlet        : Initializing Servlet 'dispatcherServlet'
2025-11-05T23:00:33.277Z DEBUG 13329 --- [achados-e-doados] [nio-8080-exec-1] o.s.web.servlet.DispatcherServlet        : Detected StandardServletMultipartResolver
2025-11-05T23:00:33.279Z DEBUG 13329 --- [achados-e-doados] [nio-8080-exec-1] o.s.web.servlet.DispatcherServlet        : Detected AcceptHeaderLocaleResolver
2025-11-05T23:00:33.280Z DEBUG 13329 --- [achados-e-doados] [nio-8080-exec-1] o.s.web.servlet.DispatcherServlet        : Detected FixedThemeResolver
2025-11-05T23:00:33.281Z DEBUG 13329 --- [achados-e-doados] [nio-8080-exec-1] o.s.web.servlet.DispatcherServlet        : Detected org.springframework.web.servlet.view.DefaultRequestToViewNameTranslator@61e4a072
2025-11-05T23:00:33.282Z DEBUG 13329 --- [achados-e-doados] [nio-8080-exec-1] o.s.web.servlet.DispatcherServlet        : Detected org.springframework.web.servlet.support.SessionFlashMapManager@3fe59f84
2025-11-05T23:00:33.285Z DEBUG 13329 --- [achados-e-doados] [nio-8080-exec-1] o.s.web.servlet.DispatcherServlet        : enableLoggingRequestDetails='false': request parameters and headers will be masked to prevent unsafe logging of potentially sensitive data
2025-11-05T23:00:33.285Z  INFO 13329 --- [achados-e-doados] [nio-8080-exec-1] o.s.web.servlet.DispatcherServlet        : Completed initialization in 8 ms
2025-11-05T23:00:33.328Z DEBUG 13329 --- [achados-e-doados] [nio-8080-exec-1] o.s.web.servlet.DispatcherServlet        : POST "/api/cadastro/instituicao", parameters={}
2025-11-05T23:00:33.333Z DEBUG 13329 --- [achados-e-doados] [nio-8080-exec-1] s.w.s.m.m.a.RequestMappingHandlerMapping : Mapped to com.mackenzie.achadosdoados.controller.CadastroController#cadastrarInstituicao(Instituicao)
2025-11-05T23:00:33.468Z DEBUG 13329 --- [achados-e-doados] [nio-8080-exec-1] m.m.a.RequestResponseBodyMethodProcessor : Read "application/json;charset=UTF-8" to [com.mackenzie.achadosdoados.model.Instituicao@1f]
2025-11-05T23:00:33.482Z  INFO 13329 --- [achados-e-doados] [nio-8080-exec-1] c.m.a.service.InstituicaoService         : cadastrarInstituicao called with nome='E2E Inst', email='e2e-inst@example.com', senha='***', endereco='Rua E2E', telefone='11111111'
Hibernate: select u1_0.id,case when u1_1.usuario_id is not null then 1 when u1_2.usuario_id is not null then 2 end,u1_0.email,u1_0.nome,u1_0.senha,u1_2.endereco,u1_2.telefone from usuarios u1_0 left join doadores u1_1 on u1_0.id=u1_1.usuario_id left join instituicoes u1_2 on u1_0.id=u1_2.usuario_id where u1_0.email=?
Hibernate: insert into usuarios (email,nome,senha,id) values (?,?,?,default)
Hibernate: insert into instituicoes (endereco,telefone,usuario_id) values (?,?,?)
2025-11-05T23:00:33.838Z DEBUG 13329 --- [achados-e-doados] [nio-8080-exec-1] o.s.w.s.m.m.a.HttpEntityMethodProcessor  : Using 'application/json', given [*/*] and supported [application/json, application/*+json]
2025-11-05T23:00:33.839Z DEBUG 13329 --- [achados-e-doados] [nio-8080-exec-1] o.s.w.s.m.m.a.HttpEntityMethodProcessor  : Writing [com.mackenzie.achadosdoados.model.Instituicao@40]
2025-11-05T23:00:33.858Z DEBUG 13329 --- [achados-e-doados] [nio-8080-exec-1] o.s.web.servlet.DispatcherServlet        : Completed 201 CREATED
2025-11-05T23:00:33.925Z DEBUG 13329 --- [achados-e-doados] [nio-8080-exec-2] o.s.web.servlet.DispatcherServlet        : GET "/api/instituicoes", parameters={}
2025-11-05T23:00:33.928Z DEBUG 13329 --- [achados-e-doados] [nio-8080-exec-2] s.w.s.m.m.a.RequestMappingHandlerMapping : Mapped to com.mackenzie.achadosdoados.controller.InstituicaoController#listarTodas()
Hibernate: select i1_0.usuario_id,i1_1.email,i1_1.nome,i1_1.senha,i1_0.endereco,i1_0.telefone from instituicoes i1_0 join usuarios i1_1 on i1_0.usuario_id=i1_1.id
2025-11-05T23:00:33.952Z DEBUG 13329 --- [achados-e-doados] [nio-8080-exec-2] o.s.w.s.m.m.a.HttpEntityMethodProcessor  : Using 'application/json', given [*/*] and supported [application/json, application/*+json]
2025-11-05T23:00:33.952Z DEBUG 13329 --- [achados-e-doados] [nio-8080-exec-2] o.s.w.s.m.m.a.HttpEntityMethodProcessor  : Writing [[com.mackenzie.achadosdoados.model.Instituicao@20, com.mackenzie.achadosdoados.model.Instituicao@40]]
2025-11-05T23:00:33.955Z DEBUG 13329 --- [achados-e-doados] [nio-8080-exec-2] o.s.web.servlet.DispatcherServlet        : Completed 200 OK
2025-11-05T23:12:20.088Z DEBUG 13329 --- [achados-e-doados] [nio-8080-exec-4] o.s.web.servlet.DispatcherServlet        : POST "/api/login", parameters={}
2025-11-05T23:12:20.088Z DEBUG 13329 --- [achados-e-doados] [nio-8080-exec-4] s.w.s.m.m.a.RequestMappingHandlerMapping : Mapped to com.mackenzie.achadosdoados.controller.AuthController#login(LoginRequest)
2025-11-05T23:12:20.096Z DEBUG 13329 --- [achados-e-doados] [nio-8080-exec-4] o.s.web.method.HandlerMethod             : Could not resolve parameter [0] in public org.springframework.http.ResponseEntity<?> com.mackenzie.achadosdoados.controller.AuthController.login(com.mackenzie.achadosdoados.controller.AuthController$LoginRequest): JSON parse error: Unexpected character ('e' (code 101)): was expecting double-quote to start field name
2025-11-05T23:12:20.098Z DEBUG 13329 --- [achados-e-doados] [nio-8080-exec-4] .m.m.a.ExceptionHandlerExceptionResolver : Using @ExceptionHandler com.mackenzie.achadosdoados.controller.RestExceptionHandler#handleRuntime(RuntimeException)
2025-11-05T23:12:20.105Z DEBUG 13329 --- [achados-e-doados] [nio-8080-exec-4] o.s.w.s.m.m.a.HttpEntityMethodProcessor  : Using 'application/json', given [*/*] and supported [application/json, application/*+json]
2025-11-05T23:12:20.105Z DEBUG 13329 --- [achados-e-doados] [nio-8080-exec-4] o.s.w.s.m.m.a.HttpEntityMethodProcessor  : Writing [{message=JSON parse error: Unexpected character ('e' (code 101)): was expecting double-quote to star (truncated)...]
2025-11-05T23:12:20.109Z DEBUG 13329 --- [achados-e-doados] [nio-8080-exec-4] .m.m.a.ExceptionHandlerExceptionResolver : Resolved [org.springframework.http.converter.HttpMessageNotReadableException: JSON parse error: Unexpected character ('e' (code 101)): was expecting double-quote to start field name]
2025-11-05T23:12:20.109Z DEBUG 13329 --- [achados-e-doados] [nio-8080-exec-4] o.s.web.servlet.DispatcherServlet        : Completed 400 BAD_REQUEST
2025-11-05T23:12:47.414Z DEBUG 13329 --- [achados-e-doados] [nio-8080-exec-5] o.s.web.servlet.DispatcherServlet        : POST "/api/login", parameters={}
2025-11-05T23:12:47.415Z DEBUG 13329 --- [achados-e-doados] [nio-8080-exec-5] s.w.s.m.m.a.RequestMappingHandlerMapping : Mapped to com.mackenzie.achadosdoados.controller.AuthController#login(LoginRequest)
2025-11-05T23:12:47.416Z DEBUG 13329 --- [achados-e-doados] [nio-8080-exec-5] o.s.web.method.HandlerMethod             : Could not resolve parameter [0] in public org.springframework.http.ResponseEntity<?> com.mackenzie.achadosdoados.controller.AuthController.login(com.mackenzie.achadosdoados.controller.AuthController$LoginRequest): JSON parse error: Unexpected character ('e' (code 101)): was expecting double-quote to start field name
2025-11-05T23:12:47.417Z DEBUG 13329 --- [achados-e-doados] [nio-8080-exec-5] .m.m.a.ExceptionHandlerExceptionResolver : Using @ExceptionHandler com.mackenzie.achadosdoados.controller.RestExceptionHandler#handleRuntime(RuntimeException)
2025-11-05T23:12:47.417Z DEBUG 13329 --- [achados-e-doados] [nio-8080-exec-5] o.s.w.s.m.m.a.HttpEntityMethodProcessor  : Using 'application/json', given [*/*] and supported [application/json, application/*+json]
2025-11-05T23:12:47.417Z DEBUG 13329 --- [achados-e-doados] [nio-8080-exec-5] o.s.w.s.m.m.a.HttpEntityMethodProcessor  : Writing [{message=JSON parse error: Unexpected character ('e' (code 101)): was expecting double-quote to star (truncated)...]
2025-11-05T23:12:47.418Z DEBUG 13329 --- [achados-e-doados] [nio-8080-exec-5] .m.m.a.ExceptionHandlerExceptionResolver : Resolved [org.springframework.http.converter.HttpMessageNotReadableException: JSON parse error: Unexpected character ('e' (code 101)): was expecting double-quote to start field name]
2025-11-05T23:12:47.419Z DEBUG 13329 --- [achados-e-doados] [nio-8080-exec-5] o.s.web.servlet.DispatcherServlet        : Completed 400 BAD_REQUEST
2025-11-05T23:13:21.532Z DEBUG 13329 --- [achados-e-doados] [nio-8080-exec-6] o.s.web.servlet.DispatcherServlet        : POST "/api/login", parameters={}
2025-11-05T23:13:21.532Z DEBUG 13329 --- [achados-e-doados] [nio-8080-exec-6] s.w.s.m.m.a.RequestMappingHandlerMapping : Mapped to com.mackenzie.achadosdoados.controller.AuthController#login(LoginRequest)
2025-11-05T23:13:21.533Z DEBUG 13329 --- [achados-e-doados] [nio-8080-exec-6] o.s.web.method.HandlerMethod             : Could not resolve parameter [0] in public org.springframework.http.ResponseEntity<?> com.mackenzie.achadosdoados.controller.AuthController.login(com.mackenzie.achadosdoados.controller.AuthController$LoginRequest): JSON parse error: Unexpected character ('e' (code 101)): was expecting double-quote to start field name
2025-11-05T23:13:21.534Z DEBUG 13329 --- [achados-e-doados] [nio-8080-exec-6] .m.m.a.ExceptionHandlerExceptionResolver : Using @ExceptionHandler com.mackenzie.achadosdoados.controller.RestExceptionHandler#handleRuntime(RuntimeException)
2025-11-05T23:13:21.535Z DEBUG 13329 --- [achados-e-doados] [nio-8080-exec-6] o.s.w.s.m.m.a.HttpEntityMethodProcessor  : Using 'application/json', given [*/*] and supported [application/json, application/*+json]
2025-11-05T23:13:21.535Z DEBUG 13329 --- [achados-e-doados] [nio-8080-exec-6] o.s.w.s.m.m.a.HttpEntityMethodProcessor  : Writing [{message=JSON parse error: Unexpected character ('e' (code 101)): was expecting double-quote to star (truncated)...]
2025-11-05T23:13:21.538Z DEBUG 13329 --- [achados-e-doados] [nio-8080-exec-6] .m.m.a.ExceptionHandlerExceptionResolver : Resolved [org.springframework.http.converter.HttpMessageNotReadableException: JSON parse error: Unexpected character ('e' (code 101)): was expecting double-quote to start field name]
2025-11-05T23:13:21.539Z DEBUG 13329 --- [achados-e-doados] [nio-8080-exec-6] o.s.web.servlet.DispatcherServlet        : Completed 400 BAD_REQUEST
2025-11-05T23:14:29.106Z DEBUG 13329 --- [achados-e-doados] [nio-8080-exec-7] o.s.web.servlet.DispatcherServlet        : POST "/api/login", parameters={}
2025-11-05T23:14:29.107Z DEBUG 13329 --- [achados-e-doados] [nio-8080-exec-7] s.w.s.m.m.a.RequestMappingHandlerMapping : Mapped to com.mackenzie.achadosdoados.controller.AuthController#login(LoginRequest)
2025-11-05T23:14:29.108Z DEBUG 13329 --- [achados-e-doados] [nio-8080-exec-7] m.m.a.RequestResponseBodyMethodProcessor : Read "application/json;charset=UTF-8" to [com.mackenzie.achadosdoados.controller.AuthController$LoginRequest@36c2c10]
Hibernate: select u1_0.id,case when u1_1.usuario_id is not null then 1 when u1_2.usuario_id is not null then 2 end,u1_0.email,u1_0.nome,u1_0.senha,u1_2.endereco,u1_2.telefone from usuarios u1_0 left join doadores u1_1 on u1_0.id=u1_1.usuario_id left join instituicoes u1_2 on u1_0.id=u1_2.usuario_id where u1_0.email=?
2025-11-05T23:14:29.185Z DEBUG 13329 --- [achados-e-doados] [nio-8080-exec-7] o.s.w.s.m.m.a.HttpEntityMethodProcessor  : Using 'application/json', given [*/*] and supported [application/json, application/*+json]
2025-11-05T23:14:29.185Z DEBUG 13329 --- [achados-e-doados] [nio-8080-exec-7] o.s.w.s.m.m.a.HttpEntityMethodProcessor  : Writing [{user={tipo=INSTITUICAO, nome=E2E Inst, id=33, email=e2e-inst@example.com}, token=ff107a1f-2862-4455 (truncated)...]
2025-11-05T23:14:29.187Z DEBUG 13329 --- [achados-e-doados] [nio-8080-exec-7] o.s.web.servlet.DispatcherServlet        : Completed 200 OK
2025-11-05T23:20:33.050Z DEBUG 13329 --- [achados-e-doados] [nio-8080-exec-8] o.s.web.servlet.DispatcherServlet        : POST "/api/login", parameters={}
2025-11-05T23:20:33.050Z DEBUG 13329 --- [achados-e-doados] [nio-8080-exec-8] s.w.s.m.m.a.RequestMappingHandlerMapping : Mapped to com.mackenzie.achadosdoados.controller.AuthController#login(LoginRequest)
2025-11-05T23:20:33.051Z DEBUG 13329 --- [achados-e-doados] [nio-8080-exec-8] m.m.a.RequestResponseBodyMethodProcessor : Read "application/json;charset=UTF-8" to [com.mackenzie.achadosdoados.controller.AuthController$LoginRequest@5c241ccf]
Hibernate: select u1_0.id,case when u1_1.usuario_id is not null then 1 when u1_2.usuario_id is not null then 2 end,u1_0.email,u1_0.nome,u1_0.senha,u1_2.endereco,u1_2.telefone from usuarios u1_0 left join doadores u1_1 on u1_0.id=u1_1.usuario_id left join instituicoes u1_2 on u1_0.id=u1_2.usuario_id where u1_0.email=?
2025-11-05T23:20:33.131Z DEBUG 13329 --- [achados-e-doados] [nio-8080-exec-8] o.s.w.s.m.m.a.HttpEntityMethodProcessor  : Using 'application/json', given [*/*] and supported [application/json, application/*+json]
2025-11-05T23:20:33.132Z DEBUG 13329 --- [achados-e-doados] [nio-8080-exec-8] o.s.w.s.m.m.a.HttpEntityMethodProcessor  : Writing [{user={tipo=INSTITUICAO, nome=E2E Inst, id=33, email=e2e-inst@example.com}, token=4b279b2a-a0f4-40a0 (truncated)...]
2025-11-05T23:20:33.133Z DEBUG 13329 --- [achados-e-doados] [nio-8080-exec-8] o.s.web.servlet.DispatcherServlet        : Completed 200 OK
2025-11-05T23:20:54.093Z DEBUG 13329 --- [achados-e-doados] [io-8080-exec-10] o.s.web.servlet.DispatcherServlet        : POST "/api/portal/instituicoes/33/demandas", parameters={}
2025-11-05T23:20:54.094Z DEBUG 13329 --- [achados-e-doados] [io-8080-exec-10] s.w.s.m.m.a.RequestMappingHandlerMapping : Mapped to com.mackenzie.achadosdoados.controller.PortalInstituicaoController#criarDemanda(Long, Demanda, String)
2025-11-05T23:20:54.106Z DEBUG 13329 --- [achados-e-doados] [io-8080-exec-10] m.m.a.RequestResponseBodyMethodProcessor : Read "application/json;charset=UTF-8" to [com.mackenzie.achadosdoados.model.Demanda@1f]
2025-11-05T23:20:54.117Z DEBUG 13329 --- [achados-e-doados] [io-8080-exec-10] o.s.w.s.m.m.a.HttpEntityMethodProcessor  : Using 'application/json', given [*/*] and supported [application/json, application/*+json]
2025-11-05T23:20:54.120Z DEBUG 13329 --- [achados-e-doados] [io-8080-exec-10] o.s.w.s.m.m.a.HttpEntityMethodProcessor  : Nothing to write: null body
2025-11-05T23:20:54.120Z DEBUG 13329 --- [achados-e-doados] [io-8080-exec-10] o.s.web.servlet.DispatcherServlet        : Completed 401 UNAUTHORIZED
2025-11-05T23:20:54.140Z DEBUG 13329 --- [achados-e-doados] [nio-8080-exec-2] o.s.web.servlet.DispatcherServlet        : GET "/api/portal/instituicoes/33/demandas", parameters={}
2025-11-05T23:20:54.140Z DEBUG 13329 --- [achados-e-doados] [nio-8080-exec-2] s.w.s.m.m.a.RequestMappingHandlerMapping : Mapped to com.mackenzie.achadosdoados.controller.PortalInstituicaoController#listarDemandasDaInstituicao(Long)
Hibernate: select d1_0.id,d1_0.categoria,d1_0.descricao,d1_0.instituicao_id,d1_0.meta_numerica,d1_0.nivel_urgencia,d1_0.prazo_desejado,d1_0.quantidade_descricao,d1_0.status,d1_0.titulo from demandas d1_0 left join instituicoes i1_0 on i1_0.usuario_id=d1_0.instituicao_id where i1_0.usuario_id=?
2025-11-05T23:20:54.152Z DEBUG 13329 --- [achados-e-doados] [nio-8080-exec-2] o.s.w.s.m.m.a.HttpEntityMethodProcessor  : Using 'application/json', given [*/*] and supported [application/json, application/*+json]
2025-11-05T23:20:54.152Z DEBUG 13329 --- [achados-e-doados] [nio-8080-exec-2] o.s.w.s.m.m.a.HttpEntityMethodProcessor  : Writing [[]]
2025-11-05T23:20:54.154Z DEBUG 13329 --- [achados-e-doados] [nio-8080-exec-2] o.s.web.servlet.DispatcherServlet        : Completed 200 OK
2025-11-05T23:22:05.443Z DEBUG 13329 --- [achados-e-doados] [nio-8080-exec-4] o.s.web.servlet.DispatcherServlet        : POST "/api/portal/instituicoes/33/demandas", parameters={}
2025-11-05T23:22:05.444Z DEBUG 13329 --- [achados-e-doados] [nio-8080-exec-4] s.w.s.m.m.a.RequestMappingHandlerMapping : Mapped to com.mackenzie.achadosdoados.controller.PortalInstituicaoController#criarDemanda(Long, Demanda, String)
2025-11-05T23:22:05.445Z DEBUG 13329 --- [achados-e-doados] [nio-8080-exec-4] m.m.a.RequestResponseBodyMethodProcessor : Read "application/json;charset=UTF-8" to [com.mackenzie.achadosdoados.model.Demanda@1f]
Hibernate: select u1_0.id,case when u1_1.usuario_id is not null then 1 when u1_2.usuario_id is not null then 2 end,u1_0.email,u1_0.nome,u1_0.senha,u1_2.endereco,u1_2.telefone from usuarios u1_0 left join doadores u1_1 on u1_0.id=u1_1.usuario_id left join instituicoes u1_2 on u1_0.id=u1_2.usuario_id where u1_0.id=?
2025-11-05T23:22:05.457Z DEBUG 13329 --- [achados-e-doados] [nio-8080-exec-4] .m.m.a.ExceptionHandlerExceptionResolver : Using @ExceptionHandler com.mackenzie.achadosdoados.controller.RestExceptionHandler#handleRuntime(RuntimeException)
2025-11-05T23:22:05.457Z DEBUG 13329 --- [achados-e-doados] [nio-8080-exec-4] o.s.w.s.m.m.a.HttpEntityMethodProcessor  : Using 'application/json', given [*/*] and supported [application/json, application/*+json]
2025-11-05T23:22:05.458Z DEBUG 13329 --- [achados-e-doados] [nio-8080-exec-4] o.s.w.s.m.m.a.HttpEntityMethodProcessor  : Writing [{message=Dados inválidos. Título, Categoria e Quantidade são obrigatórios.}]
2025-11-05T23:22:05.459Z DEBUG 13329 --- [achados-e-doados] [nio-8080-exec-4] .m.m.a.ExceptionHandlerExceptionResolver : Resolved [java.lang.RuntimeException: Dados inválidos. Título, Categoria e Quantidade são obrigatórios.]
2025-11-05T23:22:05.459Z DEBUG 13329 --- [achados-e-doados] [nio-8080-exec-4] o.s.web.servlet.DispatcherServlet        : Completed 400 BAD_REQUEST
2025-11-05T23:22:05.474Z DEBUG 13329 --- [achados-e-doados] [nio-8080-exec-5] o.s.web.servlet.DispatcherServlet        : GET "/api/portal/instituicoes/33/demandas", parameters={}
2025-11-05T23:22:05.475Z DEBUG 13329 --- [achados-e-doados] [nio-8080-exec-5] s.w.s.m.m.a.RequestMappingHandlerMapping : Mapped to com.mackenzie.achadosdoados.controller.PortalInstituicaoController#listarDemandasDaInstituicao(Long)
Hibernate: select d1_0.id,d1_0.categoria,d1_0.descricao,d1_0.instituicao_id,d1_0.meta_numerica,d1_0.nivel_urgencia,d1_0.prazo_desejado,d1_0.quantidade_descricao,d1_0.status,d1_0.titulo from demandas d1_0 left join instituicoes i1_0 on i1_0.usuario_id=d1_0.instituicao_id where i1_0.usuario_id=?
2025-11-05T23:22:05.479Z DEBUG 13329 --- [achados-e-doados] [nio-8080-exec-5] o.s.w.s.m.m.a.HttpEntityMethodProcessor  : Using 'application/json', given [*/*] and supported [application/json, application/*+json]
2025-11-05T23:22:05.479Z DEBUG 13329 --- [achados-e-doados] [nio-8080-exec-5] o.s.w.s.m.m.a.HttpEntityMethodProcessor  : Writing [[]]
2025-11-05T23:22:05.479Z DEBUG 13329 --- [achados-e-doados] [nio-8080-exec-5] o.s.web.servlet.DispatcherServlet        : Completed 200 OK
2025-11-05T23:22:45.423Z DEBUG 13329 --- [achados-e-doados] [nio-8080-exec-6] o.s.web.servlet.DispatcherServlet        : POST "/api/portal/instituicoes/33/demandas", parameters={}
2025-11-05T23:22:45.424Z DEBUG 13329 --- [achados-e-doados] [nio-8080-exec-6] s.w.s.m.m.a.RequestMappingHandlerMapping : Mapped to com.mackenzie.achadosdoados.controller.PortalInstituicaoController#criarDemanda(Long, Demanda, String)
2025-11-05T23:22:45.425Z DEBUG 13329 --- [achados-e-doados] [nio-8080-exec-6] m.m.a.RequestResponseBodyMethodProcessor : Read "application/json;charset=UTF-8" to [com.mackenzie.achadosdoados.model.Demanda@1f]
2025-11-05T23:22:45.426Z DEBUG 13329 --- [achados-e-doados] [nio-8080-exec-6] o.s.w.s.m.m.a.HttpEntityMethodProcessor  : Using 'application/json', given [*/*] and supported [application/json, application/*+json]
2025-11-05T23:22:45.426Z DEBUG 13329 --- [achados-e-doados] [nio-8080-exec-6] o.s.w.s.m.m.a.HttpEntityMethodProcessor  : Nothing to write: null body
2025-11-05T23:22:45.426Z DEBUG 13329 --- [achados-e-doados] [nio-8080-exec-6] o.s.web.servlet.DispatcherServlet        : Completed 401 UNAUTHORIZED
2025-11-05T23:22:45.437Z DEBUG 13329 --- [achados-e-doados] [nio-8080-exec-8] o.s.web.servlet.DispatcherServlet        : GET "/api/portal/instituicoes/33/demandas", parameters={}
2025-11-05T23:22:45.437Z DEBUG 13329 --- [achados-e-doados] [nio-8080-exec-8] s.w.s.m.m.a.RequestMappingHandlerMapping : Mapped to com.mackenzie.achadosdoados.controller.PortalInstituicaoController#listarDemandasDaInstituicao(Long)
Hibernate: select d1_0.id,d1_0.categoria,d1_0.descricao,d1_0.instituicao_id,d1_0.meta_numerica,d1_0.nivel_urgencia,d1_0.prazo_desejado,d1_0.quantidade_descricao,d1_0.status,d1_0.titulo from demandas d1_0 left join instituicoes i1_0 on i1_0.usuario_id=d1_0.instituicao_id where i1_0.usuario_id=?
2025-11-05T23:22:45.443Z DEBUG 13329 --- [achados-e-doados] [nio-8080-exec-8] o.s.w.s.m.m.a.HttpEntityMethodProcessor  : Using 'application/json', given [*/*] and supported [application/json, application/*+json]
2025-11-05T23:22:45.443Z DEBUG 13329 --- [achados-e-doados] [nio-8080-exec-8] o.s.w.s.m.m.a.HttpEntityMethodProcessor  : Writing [[]]
2025-11-05T23:22:45.444Z DEBUG 13329 --- [achados-e-doados] [nio-8080-exec-8] o.s.web.servlet.DispatcherServlet        : Completed 200 OK
2025-11-05T23:24:10.409Z DEBUG 13329 --- [achados-e-doados] [nio-8080-exec-9] o.s.web.servlet.DispatcherServlet        : POST "/api/portal/instituicoes/33/demandas", parameters={}
2025-11-05T23:24:10.409Z DEBUG 13329 --- [achados-e-doados] [nio-8080-exec-9] s.w.s.m.m.a.RequestMappingHandlerMapping : Mapped to com.mackenzie.achadosdoados.controller.PortalInstituicaoController#criarDemanda(Long, Demanda, String)
2025-11-05T23:24:10.410Z DEBUG 13329 --- [achados-e-doados] [nio-8080-exec-9] m.m.a.RequestResponseBodyMethodProcessor : Read "application/json;charset=UTF-8" to [com.mackenzie.achadosdoados.model.Demanda@1f]
Hibernate: select u1_0.id,case when u1_1.usuario_id is not null then 1 when u1_2.usuario_id is not null then 2 end,u1_0.email,u1_0.nome,u1_0.senha,u1_2.endereco,u1_2.telefone from usuarios u1_0 left join doadores u1_1 on u1_0.id=u1_1.usuario_id left join instituicoes u1_2 on u1_0.id=u1_2.usuario_id where u1_0.id=?
2025-11-05T23:24:10.414Z DEBUG 13329 --- [achados-e-doados] [nio-8080-exec-9] .m.m.a.ExceptionHandlerExceptionResolver : Using @ExceptionHandler com.mackenzie.achadosdoados.controller.RestExceptionHandler#handleRuntime(RuntimeException)
2025-11-05T23:24:10.414Z DEBUG 13329 --- [achados-e-doados] [nio-8080-exec-9] o.s.w.s.m.m.a.HttpEntityMethodProcessor  : Using 'application/json', given [*/*] and supported [application/json, application/*+json]
2025-11-05T23:24:10.415Z DEBUG 13329 --- [achados-e-doados] [nio-8080-exec-9] o.s.w.s.m.m.a.HttpEntityMethodProcessor  : Writing [{message=Dados inválidos. Título, Categoria e Quantidade são obrigatórios.}]
2025-11-05T23:24:10.416Z DEBUG 13329 --- [achados-e-doados] [nio-8080-exec-9] .m.m.a.ExceptionHandlerExceptionResolver : Resolved [java.lang.RuntimeException: Dados inválidos. Título, Categoria e Quantidade são obrigatórios.]
2025-11-05T23:24:10.416Z DEBUG 13329 --- [achados-e-doados] [nio-8080-exec-9] o.s.web.servlet.DispatcherServlet        : Completed 400 BAD_REQUEST
2025-11-05T23:24:10.432Z DEBUG 13329 --- [achados-e-doados] [io-8080-exec-10] o.s.web.servlet.DispatcherServlet        : GET "/api/portal/instituicoes/33/demandas", parameters={}
2025-11-05T23:24:10.433Z DEBUG 13329 --- [achados-e-doados] [io-8080-exec-10] s.w.s.m.m.a.RequestMappingHandlerMapping : Mapped to com.mackenzie.achadosdoados.controller.PortalInstituicaoController#listarDemandasDaInstituicao(Long)
Hibernate: select d1_0.id,d1_0.categoria,d1_0.descricao,d1_0.instituicao_id,d1_0.meta_numerica,d1_0.nivel_urgencia,d1_0.prazo_desejado,d1_0.quantidade_descricao,d1_0.status,d1_0.titulo from demandas d1_0 left join instituicoes i1_0 on i1_0.usuario_id=d1_0.instituicao_id where i1_0.usuario_id=?
2025-11-05T23:24:10.439Z DEBUG 13329 --- [achados-e-doados] [io-8080-exec-10] o.s.w.s.m.m.a.HttpEntityMethodProcessor  : Using 'application/json', given [*/*] and supported [application/json, application/*+json]
2025-11-05T23:24:10.440Z DEBUG 13329 --- [achados-e-doados] [io-8080-exec-10] o.s.w.s.m.m.a.HttpEntityMethodProcessor  : Writing [[]]
2025-11-05T23:24:10.441Z DEBUG 13329 --- [achados-e-doados] [io-8080-exec-10] o.s.web.servlet.DispatcherServlet        : Completed 200 OK
2025-11-05T23:25:37.207Z DEBUG 13329 --- [achados-e-doados] [nio-8080-exec-1] o.s.web.servlet.DispatcherServlet        : POST "/api/portal/instituicoes/33/demandas", parameters={}
2025-11-05T23:25:37.207Z DEBUG 13329 --- [achados-e-doados] [nio-8080-exec-1] s.w.s.m.m.a.RequestMappingHandlerMapping : Mapped to com.mackenzie.achadosdoados.controller.PortalInstituicaoController#criarDemanda(Long, Demanda, String)
2025-11-05T23:25:37.208Z DEBUG 13329 --- [achados-e-doados] [nio-8080-exec-1] m.m.a.RequestResponseBodyMethodProcessor : Read "application/json;charset=UTF-8" to [com.mackenzie.achadosdoados.model.Demanda@1f]
Hibernate: select u1_0.id,case when u1_1.usuario_id is not null then 1 when u1_2.usuario_id is not null then 2 end,u1_0.email,u1_0.nome,u1_0.senha,u1_2.endereco,u1_2.telefone from usuarios u1_0 left join doadores u1_1 on u1_0.id=u1_1.usuario_id left join instituicoes u1_2 on u1_0.id=u1_2.usuario_id where u1_0.id=?
2025-11-05T23:25:37.211Z DEBUG 13329 --- [achados-e-doados] [nio-8080-exec-1] .m.m.a.ExceptionHandlerExceptionResolver : Using @ExceptionHandler com.mackenzie.achadosdoados.controller.RestExceptionHandler#handleRuntime(RuntimeException)
2025-11-05T23:25:37.211Z DEBUG 13329 --- [achados-e-doados] [nio-8080-exec-1] o.s.w.s.m.m.a.HttpEntityMethodProcessor  : Using 'application/json', given [*/*] and supported [application/json, application/*+json]
2025-11-05T23:25:37.212Z DEBUG 13329 --- [achados-e-doados] [nio-8080-exec-1] o.s.w.s.m.m.a.HttpEntityMethodProcessor  : Writing [{message=Dados inválidos. Título, Categoria e Quantidade são obrigatórios.}]
2025-11-05T23:25:37.212Z DEBUG 13329 --- [achados-e-doados] [nio-8080-exec-1] .m.m.a.ExceptionHandlerExceptionResolver : Resolved [java.lang.RuntimeException: Dados inválidos. Título, Categoria e Quantidade são obrigatórios.]
2025-11-05T23:25:37.214Z DEBUG 13329 --- [achados-e-doados] [nio-8080-exec-1] o.s.web.servlet.DispatcherServlet        : Completed 400 BAD_REQUEST
2025-11-05T23:25:37.226Z DEBUG 13329 --- [achados-e-doados] [nio-8080-exec-2] o.s.web.servlet.DispatcherServlet        : GET "/api/portal/instituicoes/33/demandas", parameters={}
2025-11-05T23:25:37.226Z DEBUG 13329 --- [achados-e-doados] [nio-8080-exec-2] s.w.s.m.m.a.RequestMappingHandlerMapping : Mapped to com.mackenzie.achadosdoados.controller.PortalInstituicaoController#listarDemandasDaInstituicao(Long)
Hibernate: select d1_0.id,d1_0.categoria,d1_0.descricao,d1_0.instituicao_id,d1_0.meta_numerica,d1_0.nivel_urgencia,d1_0.prazo_desejado,d1_0.quantidade_descricao,d1_0.status,d1_0.titulo from demandas d1_0 left join instituicoes i1_0 on i1_0.usuario_id=d1_0.instituicao_id where i1_0.usuario_id=?
2025-11-05T23:25:37.230Z DEBUG 13329 --- [achados-e-doados] [nio-8080-exec-2] o.s.w.s.m.m.a.HttpEntityMethodProcessor  : Using 'application/json', given [*/*] and supported [application/json, application/*+json]
2025-11-05T23:25:37.230Z DEBUG 13329 --- [achados-e-doados] [nio-8080-exec-2] o.s.w.s.m.m.a.HttpEntityMethodProcessor  : Writing [[]]
2025-11-05T23:25:37.231Z DEBUG 13329 --- [achados-e-doados] [nio-8080-exec-2] o.s.web.servlet.DispatcherServlet        : Completed 200 OK
2025-11-05T23:27:13.577Z DEBUG 13329 --- [achados-e-doados] [nio-8080-exec-3] o.s.web.servlet.DispatcherServlet        : POST "/api/portal/instituicoes/33/demandas", parameters={}
2025-11-05T23:27:13.578Z DEBUG 13329 --- [achados-e-doados] [nio-8080-exec-3] s.w.s.m.m.a.RequestMappingHandlerMapping : Mapped to com.mackenzie.achadosdoados.controller.PortalInstituicaoController#criarDemanda(Long, Demanda, String)
2025-11-05T23:27:13.579Z DEBUG 13329 --- [achados-e-doados] [nio-8080-exec-3] m.m.a.RequestResponseBodyMethodProcessor : Read "application/json;charset=UTF-8" to [com.mackenzie.achadosdoados.model.Demanda@1f]
Hibernate: select u1_0.id,case when u1_1.usuario_id is not null then 1 when u1_2.usuario_id is not null then 2 end,u1_0.email,u1_0.nome,u1_0.senha,u1_2.endereco,u1_2.telefone from usuarios u1_0 left join doadores u1_1 on u1_0.id=u1_1.usuario_id left join instituicoes u1_2 on u1_0.id=u1_2.usuario_id where u1_0.id=?
Hibernate: insert into demandas (categoria,descricao,instituicao_id,meta_numerica,nivel_urgencia,prazo_desejado,quantidade_descricao,status,titulo,id) values (?,?,?,?,?,?,?,?,?,default)
2025-11-05T23:27:13.587Z DEBUG 13329 --- [achados-e-doados] [nio-8080-exec-3] o.s.w.s.m.m.a.HttpEntityMethodProcessor  : Using 'application/json', given [*/*] and supported [application/json, application/*+json]
2025-11-05T23:27:13.587Z DEBUG 13329 --- [achados-e-doados] [nio-8080-exec-3] o.s.w.s.m.m.a.HttpEntityMethodProcessor  : Writing [com.mackenzie.achadosdoados.model.Demanda@20]
2025-11-05T23:27:13.595Z DEBUG 13329 --- [achados-e-doados] [nio-8080-exec-3] o.s.web.servlet.DispatcherServlet        : Completed 201 CREATED
2025-11-05T23:27:13.606Z DEBUG 13329 --- [achados-e-doados] [nio-8080-exec-5] o.s.web.servlet.DispatcherServlet        : GET "/api/portal/instituicoes/33/demandas", parameters={}
2025-11-05T23:27:13.607Z DEBUG 13329 --- [achados-e-doados] [nio-8080-exec-5] s.w.s.m.m.a.RequestMappingHandlerMapping : Mapped to com.mackenzie.achadosdoados.controller.PortalInstituicaoController#listarDemandasDaInstituicao(Long)
Hibernate: select d1_0.id,d1_0.categoria,d1_0.descricao,d1_0.instituicao_id,d1_0.meta_numerica,d1_0.nivel_urgencia,d1_0.prazo_desejado,d1_0.quantidade_descricao,d1_0.status,d1_0.titulo from demandas d1_0 left join instituicoes i1_0 on i1_0.usuario_id=d1_0.instituicao_id where i1_0.usuario_id=?
2025-11-05T23:27:13.614Z DEBUG 13329 --- [achados-e-doados] [nio-8080-exec-5] o.s.w.s.m.m.a.HttpEntityMethodProcessor  : Using 'application/json', given [*/*] and supported [application/json, application/*+json]
2025-11-05T23:27:13.614Z DEBUG 13329 --- [achados-e-doados] [nio-8080-exec-5] o.s.w.s.m.m.a.HttpEntityMethodProcessor  : Writing [[com.mackenzie.achadosdoados.model.Demanda@20]]
Hibernate: select i1_0.usuario_id,i1_1.email,i1_1.nome,i1_1.senha,i1_0.endereco,i1_0.telefone from instituicoes i1_0 join usuarios i1_1 on i1_0.usuario_id=i1_1.id where i1_0.usuario_id=?
Hibernate: select d1_0.demanda_id,d1_0.id,d1_0.data,d1_0.doador_id,d1_0.status from doacoes d1_0 where d1_0.demanda_id=?
2025-11-05T23:27:13.622Z DEBUG 13329 --- [achados-e-doados] [nio-8080-exec-5] o.s.web.servlet.DispatcherServlet        : Completed 200 OK
